This is pdfTeX, Version 3.141592653-2.6-1.40.28 (TeX Live 2025) (preloaded format=pdflatex 2025.10.12)  28 NOV 2025 02:56
entering extended mode
 restricted \write18 enabled.
 %&-line parsing enabled.
**11314389_Xu_Task5_v1.tex
(./11314389_Xu_Task5_v1.tex
LaTeX2e <2025-06-01> patch level 1
L3 programming layer <2025-09-02>
(f:/LaTeX/TeX_Live/2025/texmf-dist/tex/latex/base/article.cls
Document Class: article 2025/01/22 v1.4n Standard LaTeX document class
(f:/LaTeX/TeX_Live/2025/texmf-dist/tex/latex/base/size10.clo
File: size10.clo 2025/01/22 v1.4n Standard LaTeX file (size option)
)
\c@part=\count275
\c@section=\count276
\c@subsection=\count277
\c@subsubsection=\count278
\c@paragraph=\count279
\c@subparagraph=\count280
\c@figure=\count281
\c@table=\count282
\abovecaptionskip=\skip49
\belowcaptionskip=\skip50
\bibindent=\dimen148
)
(f:/LaTeX/TeX_Live/2025/texmf-dist/tex/latex/base/inputenc.sty
Package: inputenc 2024/02/08 v1.3d Input encoding file
\inpenc@prehook=\toks17
\inpenc@posthook=\toks18
)
(f:/LaTeX/TeX_Live/2025/texmf-dist/tex/latex/geometry/geometry.sty
Package: geometry 2020/01/02 v5.9 Page Geometry

(f:/LaTeX/TeX_Live/2025/texmf-dist/tex/latex/graphics/keyval.sty
Package: keyval 2022/05/29 v1.15 key=value parser (DPC)
\KV@toks@=\toks19
)
(f:/LaTeX/TeX_Live/2025/texmf-dist/tex/generic/iftex/ifvtex.sty
Package: ifvtex 2019/10/25 v1.7 ifvtex legacy package. Use iftex instead.

(f:/LaTeX/TeX_Live/2025/texmf-dist/tex/generic/iftex/iftex.sty
Package: iftex 2024/12/12 v1.0g TeX engine tests
))
\Gm@cnth=\count283
\Gm@cntv=\count284
\c@Gm@tempcnt=\count285
\Gm@bindingoffset=\dimen149
\Gm@wd@mp=\dimen150
\Gm@odd@mp=\dimen151
\Gm@even@mp=\dimen152
\Gm@layoutwidth=\dimen153
\Gm@layoutheight=\dimen154
\Gm@layouthoffset=\dimen155
\Gm@layoutvoffset=\dimen156
\Gm@dimlist=\toks20
)
(f:/LaTeX/TeX_Live/2025/texmf-dist/tex/latex/graphics/graphicx.sty
Package: graphicx 2024/12/31 v1.2e Enhanced LaTeX Graphics (DPC,SPQR)

(f:/LaTeX/TeX_Live/2025/texmf-dist/tex/latex/graphics/graphics.sty
Package: graphics 2024/08/06 v1.4g Standard LaTeX Graphics (DPC,SPQR)

(f:/LaTeX/TeX_Live/2025/texmf-dist/tex/latex/graphics/trig.sty
Package: trig 2023/12/02 v1.11 sin cos tan (DPC)
)
(f:/LaTeX/TeX_Live/2025/texmf-dist/tex/latex/graphics-cfg/graphics.cfg
File: graphics.cfg 2016/06/04 v1.11 sample graphics configuration
)
Package graphics Info: Driver file: pdftex.def on input line 106.

(f:/LaTeX/TeX_Live/2025/texmf-dist/tex/latex/graphics-def/pdftex.def
File: pdftex.def 2025/09/29 v1.2d Graphics/color driver for pdftex
))
\Gin@req@height=\dimen157
\Gin@req@width=\dimen158
)
(f:/LaTeX/TeX_Live/2025/texmf-dist/tex/latex/booktabs/booktabs.sty
Package: booktabs 2020/01/12 v1.61803398 Publication quality tables
\heavyrulewidth=\dimen159
\lightrulewidth=\dimen160
\cmidrulewidth=\dimen161
\belowrulesep=\dimen162
\belowbottomsep=\dimen163
\aboverulesep=\dimen164
\abovetopsep=\dimen165
\cmidrulesep=\dimen166
\cmidrulekern=\dimen167
\defaultaddspace=\dimen168
\@cmidla=\count286
\@cmidlb=\count287
\@aboverulesep=\dimen169
\@belowrulesep=\dimen170
\@thisruleclass=\count288
\@lastruleclass=\count289
\@thisrulewidth=\dimen171
)
(f:/LaTeX/TeX_Live/2025/texmf-dist/tex/latex/pgfplots/pgfplots.sty
(f:/LaTeX/TeX_Live/2025/texmf-dist/tex/generic/pgfplots/pgfplots.revision.tex)
Package: pgfplots 2025/08/14 v1.18.2 Data Visualization (1.18.2)

(f:/LaTeX/TeX_Live/2025/texmf-dist/tex/latex/pgf/frontendlayer/tikz.sty
(f:/LaTeX/TeX_Live/2025/texmf-dist/tex/latex/pgf/basiclayer/pgf.sty
(f:/LaTeX/TeX_Live/2025/texmf-dist/tex/latex/pgf/utilities/pgfrcs.sty
(f:/LaTeX/TeX_Live/2025/texmf-dist/tex/generic/pgf/utilities/pgfutil-common.tex
\pgfutil@everybye=\toks21
\pgfutil@tempdima=\dimen172
\pgfutil@tempdimb=\dimen173
)
(f:/LaTeX/TeX_Live/2025/texmf-dist/tex/generic/pgf/utilities/pgfutil-latex.def
\pgfutil@abb=\box53
) (f:/LaTeX/TeX_Live/2025/texmf-dist/tex/generic/pgf/utilities/pgfrcs.code.tex
(f:/LaTeX/TeX_Live/2025/texmf-dist/tex/generic/pgf/pgf.revision.tex)
Package: pgfrcs 2025-08-29 v3.1.11a (3.1.11a)
))
Package: pgf 2025-08-29 v3.1.11a (3.1.11a)

(f:/LaTeX/TeX_Live/2025/texmf-dist/tex/latex/pgf/basiclayer/pgfcore.sty
(f:/LaTeX/TeX_Live/2025/texmf-dist/tex/latex/pgf/systemlayer/pgfsys.sty
(f:/LaTeX/TeX_Live/2025/texmf-dist/tex/generic/pgf/systemlayer/pgfsys.code.tex
Package: pgfsys 2025-08-29 v3.1.11a (3.1.11a)

(f:/LaTeX/TeX_Live/2025/texmf-dist/tex/generic/pgf/utilities/pgfkeys.code.tex
\pgfkeys@pathtoks=\toks22
\pgfkeys@temptoks=\toks23

(f:/LaTeX/TeX_Live/2025/texmf-dist/tex/generic/pgf/utilities/pgfkeyslibraryfilt
ered.code.tex
\pgfkeys@tmptoks=\toks24
))
\pgf@x=\dimen174
\pgf@y=\dimen175
\pgf@xa=\dimen176
\pgf@ya=\dimen177
\pgf@xb=\dimen178
\pgf@yb=\dimen179
\pgf@xc=\dimen180
\pgf@yc=\dimen181
\pgf@xd=\dimen182
\pgf@yd=\dimen183
\w@pgf@writea=\write3
\r@pgf@reada=\read2
\c@pgf@counta=\count290
\c@pgf@countb=\count291
\c@pgf@countc=\count292
\c@pgf@countd=\count293
\t@pgf@toka=\toks25
\t@pgf@tokb=\toks26
\t@pgf@tokc=\toks27
\pgf@sys@id@count=\count294

(f:/LaTeX/TeX_Live/2025/texmf-dist/tex/generic/pgf/systemlayer/pgf.cfg
File: pgf.cfg 2025-08-29 v3.1.11a (3.1.11a)
)
Driver file for pgf: pgfsys-pdftex.def

(f:/LaTeX/TeX_Live/2025/texmf-dist/tex/generic/pgf/systemlayer/pgfsys-pdftex.de
f
File: pgfsys-pdftex.def 2025-08-29 v3.1.11a (3.1.11a)

(f:/LaTeX/TeX_Live/2025/texmf-dist/tex/generic/pgf/systemlayer/pgfsys-common-pd
f.def
File: pgfsys-common-pdf.def 2025-08-29 v3.1.11a (3.1.11a)
)))
(f:/LaTeX/TeX_Live/2025/texmf-dist/tex/generic/pgf/systemlayer/pgfsyssoftpath.c
ode.tex
File: pgfsyssoftpath.code.tex 2025-08-29 v3.1.11a (3.1.11a)
\pgfsyssoftpath@smallbuffer@items=\count295
\pgfsyssoftpath@bigbuffer@items=\count296
)
(f:/LaTeX/TeX_Live/2025/texmf-dist/tex/generic/pgf/systemlayer/pgfsysprotocol.c
ode.tex
File: pgfsysprotocol.code.tex 2025-08-29 v3.1.11a (3.1.11a)
)) (f:/LaTeX/TeX_Live/2025/texmf-dist/tex/latex/xcolor/xcolor.sty
Package: xcolor 2024/09/29 v3.02 LaTeX color extensions (UK)

(f:/LaTeX/TeX_Live/2025/texmf-dist/tex/latex/graphics-cfg/color.cfg
File: color.cfg 2016/01/02 v1.6 sample color configuration
)
Package xcolor Info: Driver file: pdftex.def on input line 274.

(f:/LaTeX/TeX_Live/2025/texmf-dist/tex/latex/graphics/mathcolor.ltx)
Package xcolor Info: Model `cmy' substituted by `cmy0' on input line 1349.
Package xcolor Info: Model `hsb' substituted by `rgb' on input line 1353.
Package xcolor Info: Model `RGB' extended on input line 1365.
Package xcolor Info: Model `HTML' substituted by `rgb' on input line 1367.
Package xcolor Info: Model `Hsb' substituted by `hsb' on input line 1368.
Package xcolor Info: Model `tHsb' substituted by `hsb' on input line 1369.
Package xcolor Info: Model `HSB' substituted by `hsb' on input line 1370.
Package xcolor Info: Model `Gray' substituted by `gray' on input line 1371.
Package xcolor Info: Model `wave' substituted by `hsb' on input line 1372.
)
(f:/LaTeX/TeX_Live/2025/texmf-dist/tex/generic/pgf/basiclayer/pgfcore.code.tex
Package: pgfcore 2025-08-29 v3.1.11a (3.1.11a)

(f:/LaTeX/TeX_Live/2025/texmf-dist/tex/generic/pgf/math/pgfmath.code.tex
(f:/LaTeX/TeX_Live/2025/texmf-dist/tex/generic/pgf/math/pgfmathutil.code.tex)
(f:/LaTeX/TeX_Live/2025/texmf-dist/tex/generic/pgf/math/pgfmathparser.code.tex
\pgfmath@dimen=\dimen184
\pgfmath@count=\count297
\pgfmath@box=\box54
\pgfmath@toks=\toks28
\pgfmath@stack@operand=\toks29
\pgfmath@stack@operation=\toks30
)
(f:/LaTeX/TeX_Live/2025/texmf-dist/tex/generic/pgf/math/pgfmathfunctions.code.t
ex)
(f:/LaTeX/TeX_Live/2025/texmf-dist/tex/generic/pgf/math/pgfmathfunctions.basic.
code.tex)
(f:/LaTeX/TeX_Live/2025/texmf-dist/tex/generic/pgf/math/pgfmathfunctions.trigon
ometric.code.tex)
(f:/LaTeX/TeX_Live/2025/texmf-dist/tex/generic/pgf/math/pgfmathfunctions.random
.code.tex)
(f:/LaTeX/TeX_Live/2025/texmf-dist/tex/generic/pgf/math/pgfmathfunctions.compar
ison.code.tex)
(f:/LaTeX/TeX_Live/2025/texmf-dist/tex/generic/pgf/math/pgfmathfunctions.base.c
ode.tex)
(f:/LaTeX/TeX_Live/2025/texmf-dist/tex/generic/pgf/math/pgfmathfunctions.round.
code.tex)
(f:/LaTeX/TeX_Live/2025/texmf-dist/tex/generic/pgf/math/pgfmathfunctions.misc.c
ode.tex)
(f:/LaTeX/TeX_Live/2025/texmf-dist/tex/generic/pgf/math/pgfmathfunctions.intege
rarithmetics.code.tex)
(f:/LaTeX/TeX_Live/2025/texmf-dist/tex/generic/pgf/math/pgfmathcalc.code.tex)
(f:/LaTeX/TeX_Live/2025/texmf-dist/tex/generic/pgf/math/pgfmathfloat.code.tex
\c@pgfmathroundto@lastzeros=\count298
)) (f:/LaTeX/TeX_Live/2025/texmf-dist/tex/generic/pgf/math/pgfint.code.tex)
(f:/LaTeX/TeX_Live/2025/texmf-dist/tex/generic/pgf/basiclayer/pgfcorepoints.cod
e.tex
File: pgfcorepoints.code.tex 2025-08-29 v3.1.11a (3.1.11a)
\pgf@picminx=\dimen185
\pgf@picmaxx=\dimen186
\pgf@picminy=\dimen187
\pgf@picmaxy=\dimen188
\pgf@pathminx=\dimen189
\pgf@pathmaxx=\dimen190
\pgf@pathminy=\dimen191
\pgf@pathmaxy=\dimen192
\pgf@xx=\dimen193
\pgf@xy=\dimen194
\pgf@yx=\dimen195
\pgf@yy=\dimen196
\pgf@zx=\dimen197
\pgf@zy=\dimen198
)
(f:/LaTeX/TeX_Live/2025/texmf-dist/tex/generic/pgf/basiclayer/pgfcorepathconstr
uct.code.tex
File: pgfcorepathconstruct.code.tex 2025-08-29 v3.1.11a (3.1.11a)
\pgf@path@lastx=\dimen199
\pgf@path@lasty=\dimen256
)
(f:/LaTeX/TeX_Live/2025/texmf-dist/tex/generic/pgf/basiclayer/pgfcorepathusage.
code.tex
File: pgfcorepathusage.code.tex 2025-08-29 v3.1.11a (3.1.11a)
\pgf@shorten@end@additional=\dimen257
\pgf@shorten@start@additional=\dimen258
)
(f:/LaTeX/TeX_Live/2025/texmf-dist/tex/generic/pgf/basiclayer/pgfcorescopes.cod
e.tex
File: pgfcorescopes.code.tex 2025-08-29 v3.1.11a (3.1.11a)
\pgfpic=\box55
\pgf@hbox=\box56
\pgf@layerbox@main=\box57
\pgf@picture@serial@count=\count299
)
(f:/LaTeX/TeX_Live/2025/texmf-dist/tex/generic/pgf/basiclayer/pgfcoregraphicsta
te.code.tex
File: pgfcoregraphicstate.code.tex 2025-08-29 v3.1.11a (3.1.11a)
\pgflinewidth=\dimen259
)
(f:/LaTeX/TeX_Live/2025/texmf-dist/tex/generic/pgf/basiclayer/pgfcoretransforma
tions.code.tex
File: pgfcoretransformations.code.tex 2025-08-29 v3.1.11a (3.1.11a)
\pgf@pt@x=\dimen260
\pgf@pt@y=\dimen261
\pgf@pt@temp=\dimen262
)
(f:/LaTeX/TeX_Live/2025/texmf-dist/tex/generic/pgf/basiclayer/pgfcorequick.code
.tex
File: pgfcorequick.code.tex 2025-08-29 v3.1.11a (3.1.11a)
)
(f:/LaTeX/TeX_Live/2025/texmf-dist/tex/generic/pgf/basiclayer/pgfcoreobjects.co
de.tex
File: pgfcoreobjects.code.tex 2025-08-29 v3.1.11a (3.1.11a)
)
(f:/LaTeX/TeX_Live/2025/texmf-dist/tex/generic/pgf/basiclayer/pgfcorepathproces
sing.code.tex
File: pgfcorepathprocessing.code.tex 2025-08-29 v3.1.11a (3.1.11a)
)
(f:/LaTeX/TeX_Live/2025/texmf-dist/tex/generic/pgf/basiclayer/pgfcorearrows.cod
e.tex
File: pgfcorearrows.code.tex 2025-08-29 v3.1.11a (3.1.11a)
\pgfarrowsep=\dimen263
)
(f:/LaTeX/TeX_Live/2025/texmf-dist/tex/generic/pgf/basiclayer/pgfcoreshade.code
.tex
File: pgfcoreshade.code.tex 2025-08-29 v3.1.11a (3.1.11a)
\pgf@max=\dimen264
\pgf@sys@shading@range@num=\count300
\pgf@shadingcount=\count301
)
(f:/LaTeX/TeX_Live/2025/texmf-dist/tex/generic/pgf/basiclayer/pgfcoreimage.code
.tex
File: pgfcoreimage.code.tex 2025-08-29 v3.1.11a (3.1.11a)
)
(f:/LaTeX/TeX_Live/2025/texmf-dist/tex/generic/pgf/basiclayer/pgfcoreexternal.c
ode.tex
File: pgfcoreexternal.code.tex 2025-08-29 v3.1.11a (3.1.11a)
\pgfexternal@startupbox=\box58
)
(f:/LaTeX/TeX_Live/2025/texmf-dist/tex/generic/pgf/basiclayer/pgfcorelayers.cod
e.tex
File: pgfcorelayers.code.tex 2025-08-29 v3.1.11a (3.1.11a)
)
(f:/LaTeX/TeX_Live/2025/texmf-dist/tex/generic/pgf/basiclayer/pgfcoretransparen
cy.code.tex
File: pgfcoretransparency.code.tex 2025-08-29 v3.1.11a (3.1.11a)
)
(f:/LaTeX/TeX_Live/2025/texmf-dist/tex/generic/pgf/basiclayer/pgfcorepatterns.c
ode.tex
File: pgfcorepatterns.code.tex 2025-08-29 v3.1.11a (3.1.11a)
)
(f:/LaTeX/TeX_Live/2025/texmf-dist/tex/generic/pgf/basiclayer/pgfcorerdf.code.t
ex
File: pgfcorerdf.code.tex 2025-08-29 v3.1.11a (3.1.11a)
)))
(f:/LaTeX/TeX_Live/2025/texmf-dist/tex/generic/pgf/modules/pgfmoduleshapes.code
.tex
File: pgfmoduleshapes.code.tex 2025-08-29 v3.1.11a (3.1.11a)
\pgfnodeparttextbox=\box59
)
(f:/LaTeX/TeX_Live/2025/texmf-dist/tex/generic/pgf/modules/pgfmoduleplot.code.t
ex
File: pgfmoduleplot.code.tex 2025-08-29 v3.1.11a (3.1.11a)
)
(f:/LaTeX/TeX_Live/2025/texmf-dist/tex/latex/pgf/compatibility/pgfcomp-version-
0-65.sty
Package: pgfcomp-version-0-65 2025-08-29 v3.1.11a (3.1.11a)
\pgf@nodesepstart=\dimen265
\pgf@nodesepend=\dimen266
)
(f:/LaTeX/TeX_Live/2025/texmf-dist/tex/latex/pgf/compatibility/pgfcomp-version-
1-18.sty
Package: pgfcomp-version-1-18 2025-08-29 v3.1.11a (3.1.11a)
))
(f:/LaTeX/TeX_Live/2025/texmf-dist/tex/latex/pgf/utilities/pgffor.sty
(f:/LaTeX/TeX_Live/2025/texmf-dist/tex/latex/pgf/utilities/pgfkeys.sty
(f:/LaTeX/TeX_Live/2025/texmf-dist/tex/generic/pgf/utilities/pgfkeys.code.tex))
(f:/LaTeX/TeX_Live/2025/texmf-dist/tex/latex/pgf/math/pgfmath.sty
(f:/LaTeX/TeX_Live/2025/texmf-dist/tex/generic/pgf/math/pgfmath.code.tex))
(f:/LaTeX/TeX_Live/2025/texmf-dist/tex/generic/pgf/utilities/pgffor.code.tex
Package: pgffor 2025-08-29 v3.1.11a (3.1.11a)
\pgffor@iter=\dimen267
\pgffor@skip=\dimen268
\pgffor@stack=\toks31
\pgffor@toks=\toks32
))
(f:/LaTeX/TeX_Live/2025/texmf-dist/tex/generic/pgf/frontendlayer/tikz/tikz.code
.tex
Package: tikz 2025-08-29 v3.1.11a (3.1.11a)

(f:/LaTeX/TeX_Live/2025/texmf-dist/tex/generic/pgf/libraries/pgflibraryplothand
lers.code.tex
File: pgflibraryplothandlers.code.tex 2025-08-29 v3.1.11a (3.1.11a)
\pgf@plot@mark@count=\count302
\pgfplotmarksize=\dimen269
)
\tikz@lastx=\dimen270
\tikz@lasty=\dimen271
\tikz@lastxsaved=\dimen272
\tikz@lastysaved=\dimen273
\tikz@lastmovetox=\dimen274
\tikz@lastmovetoy=\dimen275
\tikzleveldistance=\dimen276
\tikzsiblingdistance=\dimen277
\tikz@figbox=\box60
\tikz@figbox@bg=\box61
\tikz@tempbox=\box62
\tikz@tempbox@bg=\box63
\tikztreelevel=\count303
\tikznumberofchildren=\count304
\tikznumberofcurrentchild=\count305
\tikz@fig@count=\count306

(f:/LaTeX/TeX_Live/2025/texmf-dist/tex/generic/pgf/modules/pgfmodulematrix.code
.tex
File: pgfmodulematrix.code.tex 2025-08-29 v3.1.11a (3.1.11a)
\pgfmatrixcurrentrow=\count307
\pgfmatrixcurrentcolumn=\count308
\pgf@matrix@numberofcolumns=\count309
)
\tikz@expandcount=\count310

(f:/LaTeX/TeX_Live/2025/texmf-dist/tex/generic/pgf/frontendlayer/tikz/libraries
/tikzlibrarytopaths.code.tex
File: tikzlibrarytopaths.code.tex 2025-08-29 v3.1.11a (3.1.11a)
)))
(f:/LaTeX/TeX_Live/2025/texmf-dist/tex/generic/pgfplots/pgfplots.code.tex
(f:/LaTeX/TeX_Live/2025/texmf-dist/tex/generic/pgfplots/pgfplotscore.code.tex
\t@pgfplots@toka=\toks33
\t@pgfplots@tokb=\toks34
\t@pgfplots@tokc=\toks35
\pgfplots@tmpa=\dimen278
\c@pgfplots@coordindex=\count311
\c@pgfplots@scanlineindex=\count312

(f:/LaTeX/TeX_Live/2025/texmf-dist/tex/generic/pgfplots/sys/pgfplotssysgeneric.
code.tex))
(f:/LaTeX/TeX_Live/2025/texmf-dist/tex/generic/pgfplots/libs/pgfplotslibrary.co
de.tex)
(f:/LaTeX/TeX_Live/2025/texmf-dist/tex/generic/pgfplots/oldpgfcompatib/pgfplots
oldpgfsupp_loader.code.tex
(f:/LaTeX/TeX_Live/2025/texmf-dist/tex/generic/pgf/libraries/pgflibraryfpu.code
.tex)
(f:/LaTeX/TeX_Live/2025/texmf-dist/tex/generic/pgfplots/oldpgfcompatib/pgfplots
oldpgfsupp_pgfutil-common-lists.tex))
(f:/LaTeX/TeX_Live/2025/texmf-dist/tex/generic/pgfplots/util/pgfplotsutil.code.
tex
(f:/LaTeX/TeX_Live/2025/texmf-dist/tex/generic/pgfplots/liststructure/pgfplotsl
iststructure.code.tex)
(f:/LaTeX/TeX_Live/2025/texmf-dist/tex/generic/pgfplots/liststructure/pgfplotsl
iststructureext.code.tex)
(f:/LaTeX/TeX_Live/2025/texmf-dist/tex/generic/pgfplots/liststructure/pgfplotsa
rray.code.tex
\c@pgfplotsarray@tmp=\count313
)
(f:/LaTeX/TeX_Live/2025/texmf-dist/tex/generic/pgfplots/liststructure/pgfplotsm
atrix.code.tex)
(f:/LaTeX/TeX_Live/2025/texmf-dist/tex/generic/pgfplots/numtable/pgfplotstables
hared.code.tex
\c@pgfplotstable@counta=\count314
\t@pgfplotstable@a=\toks36
)
(f:/LaTeX/TeX_Live/2025/texmf-dist/tex/generic/pgfplots/liststructure/pgfplotsd
eque.code.tex)
(f:/LaTeX/TeX_Live/2025/texmf-dist/tex/generic/pgfplots/util/pgfplotsbinary.cod
e.tex
(f:/LaTeX/TeX_Live/2025/texmf-dist/tex/generic/pgfplots/util/pgfplotsbinary.dat
a.code.tex))
(f:/LaTeX/TeX_Live/2025/texmf-dist/tex/generic/pgfplots/util/pgfplotsutil.verb.
code.tex)
(f:/LaTeX/TeX_Live/2025/texmf-dist/tex/generic/pgfplots/libs/pgflibrarypgfplots
.surfshading.code.tex
\c@pgfplotslibrarysurf@no=\count315

(f:/LaTeX/TeX_Live/2025/texmf-dist/tex/generic/pgfplots/sys/pgflibrarypgfplots.
surfshading.pgfsys-pdftex.def)))
(f:/LaTeX/TeX_Live/2025/texmf-dist/tex/generic/pgfplots/util/pgfplotscolormap.c
ode.tex
(f:/LaTeX/TeX_Live/2025/texmf-dist/tex/generic/pgfplots/util/pgfplotscolor.code
.tex))
(f:/LaTeX/TeX_Live/2025/texmf-dist/tex/generic/pgfplots/pgfplotsstackedplots.co
de.tex)
(f:/LaTeX/TeX_Live/2025/texmf-dist/tex/generic/pgfplots/pgfplotsplothandlers.co
de.tex
(f:/LaTeX/TeX_Live/2025/texmf-dist/tex/generic/pgfplots/pgfplotsmeshplothandler
.code.tex
(f:/LaTeX/TeX_Live/2025/texmf-dist/tex/generic/pgfplots/pgfplotsmeshplotimage.c
ode.tex)))
(f:/LaTeX/TeX_Live/2025/texmf-dist/tex/generic/pgfplots/pgfplots.scaling.code.t
ex)
(f:/LaTeX/TeX_Live/2025/texmf-dist/tex/generic/pgfplots/pgfplotscoordprocessing
.code.tex)
(f:/LaTeX/TeX_Live/2025/texmf-dist/tex/generic/pgfplots/pgfplots.errorbars.code
.tex)
(f:/LaTeX/TeX_Live/2025/texmf-dist/tex/generic/pgfplots/pgfplots.markers.code.t
ex)
(f:/LaTeX/TeX_Live/2025/texmf-dist/tex/generic/pgfplots/pgfplotsticks.code.tex)

(f:/LaTeX/TeX_Live/2025/texmf-dist/tex/generic/pgfplots/pgfplots.paths.code.tex
)
(f:/LaTeX/TeX_Live/2025/texmf-dist/tex/generic/pgf/frontendlayer/tikz/libraries
/tikzlibrarydecorations.code.tex
(f:/LaTeX/TeX_Live/2025/texmf-dist/tex/generic/pgf/modules/pgfmoduledecorations
.code.tex
\pgfdecoratedcompleteddistance=\dimen279
\pgfdecoratedremainingdistance=\dimen280
\pgfdecoratedinputsegmentcompleteddistance=\dimen281
\pgfdecoratedinputsegmentremainingdistance=\dimen282
\pgf@decorate@distancetomove=\dimen283
\pgf@decorate@repeatstate=\count316
\pgfdecorationsegmentamplitude=\dimen284
\pgfdecorationsegmentlength=\dimen285
)
\tikz@lib@dec@box=\box64
)
(f:/LaTeX/TeX_Live/2025/texmf-dist/tex/generic/pgf/frontendlayer/tikz/libraries
/tikzlibrarydecorations.pathmorphing.code.tex
(f:/LaTeX/TeX_Live/2025/texmf-dist/tex/generic/pgf/libraries/decorations/pgflib
rarydecorations.pathmorphing.code.tex))
(f:/LaTeX/TeX_Live/2025/texmf-dist/tex/generic/pgf/frontendlayer/tikz/libraries
/tikzlibrarydecorations.pathreplacing.code.tex
(f:/LaTeX/TeX_Live/2025/texmf-dist/tex/generic/pgf/libraries/decorations/pgflib
rarydecorations.pathreplacing.code.tex))
(f:/LaTeX/TeX_Live/2025/texmf-dist/tex/generic/pgfplots/libs/tikzlibrarypgfplot
s.contourlua.code.tex)
\pgfplots@numplots=\count317
\pgfplots@xmin@reg=\dimen286
\pgfplots@xmax@reg=\dimen287
\pgfplots@ymin@reg=\dimen288
\pgfplots@ymax@reg=\dimen289
\pgfplots@zmin@reg=\dimen290
\pgfplots@zmax@reg=\dimen291
)
(f:/LaTeX/TeX_Live/2025/texmf-dist/tex/generic/pgf/frontendlayer/tikz/libraries
/tikzlibraryplotmarks.code.tex
File: tikzlibraryplotmarks.code.tex 2025-08-29 v3.1.11a (3.1.11a)

(f:/LaTeX/TeX_Live/2025/texmf-dist/tex/generic/pgf/libraries/pgflibraryplotmark
s.code.tex
File: pgflibraryplotmarks.code.tex 2025-08-29 v3.1.11a (3.1.11a)
))) (f:/LaTeX/TeX_Live/2025/texmf-dist/tex/latex/float/float.sty
Package: float 2001/11/08 v1.3d Float enhancements (AL)
\c@float@type=\count318
\float@exts=\toks37
\float@box=\box65
\@float@everytoks=\toks38
\@floatcapt=\box66
)
(f:/LaTeX/TeX_Live/2025/texmf-dist/tex/latex/titlesec/titlesec.sty
Package: titlesec 2025/01/04 v2.17 Sectioning titles
\ttl@box=\box67
\beforetitleunit=\skip51
\aftertitleunit=\skip52
\ttl@plus=\dimen292
\ttl@minus=\dimen293
\ttl@toksa=\toks39
\titlewidth=\dimen294
\titlewidthlast=\dimen295
\titlewidthfirst=\dimen296
)
(f:/LaTeX/TeX_Live/2025/texmf-dist/tex/latex/caption/caption.sty
Package: caption 2023/08/05 v3.6o Customizing captions (AR)

(f:/LaTeX/TeX_Live/2025/texmf-dist/tex/latex/caption/caption3.sty
Package: caption3 2023/07/31 v2.4d caption3 kernel (AR)
\caption@tempdima=\dimen297
\captionmargin=\dimen298
\caption@leftmargin=\dimen299
\caption@rightmargin=\dimen300
\caption@width=\dimen301
\caption@indent=\dimen302
\caption@parindent=\dimen303
\caption@hangindent=\dimen304
Package caption Info: Standard document class detected.
)
\c@caption@flags=\count319
\c@continuedfloat=\count320
Package caption Info: float package is loaded.
)
(f:/LaTeX/TeX_Live/2025/texmf-dist/tex/latex/hyperref/hyperref.sty
Package: hyperref 2025-07-12 v7.01o Hypertext links for LaTeX

(f:/LaTeX/TeX_Live/2025/texmf-dist/tex/latex/kvsetkeys/kvsetkeys.sty
Package: kvsetkeys 2022-10-05 v1.19 Key value parser (HO)
)
(f:/LaTeX/TeX_Live/2025/texmf-dist/tex/generic/kvdefinekeys/kvdefinekeys.sty
Package: kvdefinekeys 2019-12-19 v1.6 Define keys (HO)
)
(f:/LaTeX/TeX_Live/2025/texmf-dist/tex/generic/pdfescape/pdfescape.sty
Package: pdfescape 2019/12/09 v1.15 Implements pdfTeX's escape features (HO)

(f:/LaTeX/TeX_Live/2025/texmf-dist/tex/generic/ltxcmds/ltxcmds.sty
Package: ltxcmds 2023-12-04 v1.26 LaTeX kernel commands for general use (HO)
)
(f:/LaTeX/TeX_Live/2025/texmf-dist/tex/generic/pdftexcmds/pdftexcmds.sty
Package: pdftexcmds 2020-06-27 v0.33 Utility functions of pdfTeX for LuaTeX (HO
)

(f:/LaTeX/TeX_Live/2025/texmf-dist/tex/generic/infwarerr/infwarerr.sty
Package: infwarerr 2019/12/03 v1.5 Providing info/warning/error messages (HO)
)
Package pdftexcmds Info: \pdf@primitive is available.
Package pdftexcmds Info: \pdf@ifprimitive is available.
Package pdftexcmds Info: \pdfdraftmode found.
))
(f:/LaTeX/TeX_Live/2025/texmf-dist/tex/latex/hycolor/hycolor.sty
Package: hycolor 2020-01-27 v1.10 Color options for hyperref/bookmark (HO)
)
(f:/LaTeX/TeX_Live/2025/texmf-dist/tex/latex/hyperref/nameref.sty
Package: nameref 2025-06-21 v2.57 Cross-referencing by name of section

(f:/LaTeX/TeX_Live/2025/texmf-dist/tex/latex/refcount/refcount.sty
Package: refcount 2019/12/15 v3.6 Data extraction from label references (HO)
)
(f:/LaTeX/TeX_Live/2025/texmf-dist/tex/generic/gettitlestring/gettitlestring.st
y
Package: gettitlestring 2019/12/15 v1.6 Cleanup title references (HO)
 (f:/LaTeX/TeX_Live/2025/texmf-dist/tex/latex/kvoptions/kvoptions.sty
Package: kvoptions 2022-06-15 v3.15 Key value format for package options (HO)
))
\c@section@level=\count321
)
(f:/LaTeX/TeX_Live/2025/texmf-dist/tex/latex/etoolbox/etoolbox.sty
Package: etoolbox 2025/10/02 v2.5m e-TeX tools for LaTeX (JAW)
\etb@tempcnta=\count322
)
(f:/LaTeX/TeX_Live/2025/texmf-dist/tex/generic/stringenc/stringenc.sty
Package: stringenc 2019/11/29 v1.12 Convert strings between diff. encodings (HO
)
)
\@linkdim=\dimen305
\Hy@linkcounter=\count323
\Hy@pagecounter=\count324

(f:/LaTeX/TeX_Live/2025/texmf-dist/tex/latex/hyperref/pd1enc.def
File: pd1enc.def 2025-07-12 v7.01o Hyperref: PDFDocEncoding definition (HO)
Now handling font encoding PD1 ...
... no UTF-8 mapping file for font encoding PD1
)
(f:/LaTeX/TeX_Live/2025/texmf-dist/tex/generic/intcalc/intcalc.sty
Package: intcalc 2019/12/15 v1.3 Expandable calculations with integers (HO)
)
\Hy@SavedSpaceFactor=\count325

(f:/LaTeX/TeX_Live/2025/texmf-dist/tex/latex/hyperref/puenc.def
File: puenc.def 2025-07-12 v7.01o Hyperref: PDF Unicode definition (HO)
Now handling font encoding PU ...
... no UTF-8 mapping file for font encoding PU
)
Package hyperref Info: Hyper figures OFF on input line 4195.
Package hyperref Info: Link nesting OFF on input line 4200.
Package hyperref Info: Hyper index ON on input line 4203.
Package hyperref Info: Plain pages OFF on input line 4210.
Package hyperref Info: Backreferencing OFF on input line 4215.
Package hyperref Info: Implicit mode ON; LaTeX internals redefined.
Package hyperref Info: Bookmarks ON on input line 4462.
\c@Hy@tempcnt=\count326

(f:/LaTeX/TeX_Live/2025/texmf-dist/tex/latex/url/url.sty
\Urlmuskip=\muskip17
Package: url 2013/09/16  ver 3.4  Verb mode for urls, etc.
)
LaTeX Info: Redefining \url on input line 4801.
\XeTeXLinkMargin=\dimen306

(f:/LaTeX/TeX_Live/2025/texmf-dist/tex/generic/bitset/bitset.sty
Package: bitset 2019/12/09 v1.3 Handle bit-vector datatype (HO)

(f:/LaTeX/TeX_Live/2025/texmf-dist/tex/generic/bigintcalc/bigintcalc.sty
Package: bigintcalc 2019/12/15 v1.5 Expandable calculations on big integers (HO
)
))
\Fld@menulength=\count327
\Field@Width=\dimen307
\Fld@charsize=\dimen308
Package hyperref Info: Hyper figures OFF on input line 6078.
Package hyperref Info: Link nesting OFF on input line 6083.
Package hyperref Info: Hyper index ON on input line 6086.
Package hyperref Info: backreferencing OFF on input line 6093.
Package hyperref Info: Link coloring OFF on input line 6098.
Package hyperref Info: Link coloring with OCG OFF on input line 6103.
Package hyperref Info: PDF/A mode OFF on input line 6108.
\Hy@abspage=\count328
\c@Item=\count329
\c@Hfootnote=\count330
)
Package hyperref Info: Driver (autodetected): hpdftex.

(f:/LaTeX/TeX_Live/2025/texmf-dist/tex/latex/hyperref/hpdftex.def
File: hpdftex.def 2025-07-12 v7.01o Hyperref driver for pdfTeX
\Fld@listcount=\count331
\c@bookmark@seq@number=\count332

(f:/LaTeX/TeX_Live/2025/texmf-dist/tex/latex/rerunfilecheck/rerunfilecheck.sty
Package: rerunfilecheck 2025-06-21 v1.11 Rerun checks for auxiliary files (HO)

(f:/LaTeX/TeX_Live/2025/texmf-dist/tex/generic/uniquecounter/uniquecounter.sty
Package: uniquecounter 2019/12/15 v1.4 Provide unlimited unique counter (HO)
)
Package uniquecounter Info: New unique counter `rerunfilecheck' on input line 2
84.
)
\Hy@SectionHShift=\skip53
) (f:/LaTeX/TeX_Live/2025/texmf-dist/tex/latex/enumitem/enumitem.sty
Package: enumitem 2025/02/06 v3.11 Customized lists
\labelindent=\skip54
\enit@outerparindent=\dimen309
\enit@toks=\toks40
\enit@inbox=\box68
\enit@count@id=\count333
\enitdp@description=\count334
)
(f:/LaTeX/TeX_Live/2025/texmf-dist/tex/latex/l3backend/l3backend-pdftex.def
File: l3backend-pdftex.def 2025-06-09 L3 backend support: PDF output (pdfTeX)
\l__color_backend_stack_int=\count335
)
(./11314389_Xu_Task5_v1.aux)
\openout1 = `11314389_Xu_Task5_v1.aux'.

LaTeX Font Info:    Checking defaults for OML/cmm/m/it on input line 31.
LaTeX Font Info:    ... okay on input line 31.
LaTeX Font Info:    Checking defaults for OMS/cmsy/m/n on input line 31.
LaTeX Font Info:    ... okay on input line 31.
LaTeX Font Info:    Checking defaults for OT1/cmr/m/n on input line 31.
LaTeX Font Info:    ... okay on input line 31.
LaTeX Font Info:    Checking defaults for T1/cmr/m/n on input line 31.
LaTeX Font Info:    ... okay on input line 31.
LaTeX Font Info:    Checking defaults for TS1/cmr/m/n on input line 31.
LaTeX Font Info:    ... okay on input line 31.
LaTeX Font Info:    Checking defaults for OMX/cmex/m/n on input line 31.
LaTeX Font Info:    ... okay on input line 31.
LaTeX Font Info:    Checking defaults for U/cmr/m/n on input line 31.
LaTeX Font Info:    ... okay on input line 31.
LaTeX Font Info:    Checking defaults for PD1/pdf/m/n on input line 31.
LaTeX Font Info:    ... okay on input line 31.
LaTeX Font Info:    Checking defaults for PU/pdf/m/n on input line 31.
LaTeX Font Info:    ... okay on input line 31.

*geometry* driver: auto-detecting
*geometry* detected driver: pdftex
*geometry* verbose mode - [ preamble ] result:
* driver: pdftex
* paper: a4paper
* layout: <same size as paper>
* layoutoffset:(h,v)=(0.0pt,0.0pt)
* modes: 
* h-part:(L,W,R)=(56.9055pt, 483.69687pt, 56.9055pt)
* v-part:(T,H,B)=(56.9055pt, 731.23584pt, 56.9055pt)
* \paperwidth=597.50787pt
* \paperheight=845.04684pt
* \textwidth=483.69687pt
* \textheight=731.23584pt
* \oddsidemargin=-15.36449pt
* \evensidemargin=-15.36449pt
* \topmargin=-52.36449pt
* \headheight=12.0pt
* \headsep=25.0pt
* \topskip=10.0pt
* \footskip=30.0pt
* \marginparwidth=57.0pt
* \marginparsep=11.0pt
* \columnsep=10.0pt
* \skip\footins=9.0pt plus 4.0pt minus 2.0pt
* \hoffset=0.0pt
* \voffset=0.0pt
* \mag=1000
* \@twocolumnfalse
* \@twosidefalse
* \@mparswitchfalse
* \@reversemarginfalse
* (1in=72.27pt=25.4mm, 1cm=28.453pt)

(f:/LaTeX/TeX_Live/2025/texmf-dist/tex/context/base/mkii/supp-pdf.mkii
[Loading MPS to PDF converter (version 2006.09.02).]
\scratchcounter=\count336
\scratchdimen=\dimen310
\scratchbox=\box69
\nofMPsegments=\count337
\nofMParguments=\count338
\everyMPshowfont=\toks41
\MPscratchCnt=\count339
\MPscratchDim=\dimen311
\MPnumerator=\count340
\makeMPintoPDFobject=\count341
\everyMPtoPDFconversion=\toks42
) (f:/LaTeX/TeX_Live/2025/texmf-dist/tex/latex/epstopdf-pkg/epstopdf-base.sty
Package: epstopdf-base 2020-01-24 v2.11 Base part for package epstopdf
Package epstopdf-base Info: Redefining graphics rule for `.eps' on input line 4
85.

(f:/LaTeX/TeX_Live/2025/texmf-dist/tex/latex/latexconfig/epstopdf-sys.cfg
File: epstopdf-sys.cfg 2010/07/13 v1.3 Configuration of (r)epstopdf for TeX Liv
e
))
Package pgfplots notification 'compat/show suggested version=true': document ha
s been generated with the most recent feature set (\pgfplotsset{compat=1.18}).

Package caption Info: Begin \AtBeginDocument code.
Package caption Info: hyperref package is loaded.
Package caption Info: End \AtBeginDocument code.
Package hyperref Info: Link coloring OFF on input line 31.
(./11314389_Xu_Task5_v1.out) (./11314389_Xu_Task5_v1.out)
\@outlinefile=\write4
\openout4 = `11314389_Xu_Task5_v1.out'.

LaTeX Font Info:    External font `cmex10' loaded for size
(Font)              <12> on input line 34.
LaTeX Font Info:    External font `cmex10' loaded for size
(Font)              <8> on input line 34.
LaTeX Font Info:    External font `cmex10' loaded for size
(Font)              <6> on input line 34.
LaTeX Font Info:    External font `cmex10' loaded for size
(Font)              <9> on input line 36.
LaTeX Font Info:    External font `cmex10' loaded for size
(Font)              <5> on input line 36.


LaTeX Warning: `h' float specifier changed to `ht'.

Package pgfplots info on input line 92: Using 'lua backend=false' for axis: x c
oord trafo unsupported.
LaTeX Font Info:    External font `cmex10' loaded for size
(Font)              <7> on input line 94.


[1

{f:/LaTeX/TeX_Live/2025/texmf-var/fonts/map/pdftex/updmap/pdftex.map}{f:/LaTeX/
TeX_Live/2025/texmf-dist/fonts/enc/dvips/cm-super/cm-super-ts1.enc}]

Package hyperref Warning: Token not allowed in a PDF string (Unicode):
(hyperref)                removing `math shift' on input line 102.


Package hyperref Warning: Token not allowed in a PDF string (Unicode):
(hyperref)                removing `\mu' on input line 102.


Package hyperref Warning: Token not allowed in a PDF string (Unicode):
(hyperref)                removing `math shift' on input line 102.


Package hyperref Warning: Token not allowed in a PDF string (Unicode):
(hyperref)                removing `math shift' on input line 105.


Package hyperref Warning: Token not allowed in a PDF string (Unicode):
(hyperref)                removing `\mu' on input line 105.


Package hyperref Warning: Token not allowed in a PDF string (Unicode):
(hyperref)                removing `math shift' on input line 105.


Package hyperref Warning: Token not allowed in a PDF string (Unicode):
(hyperref)                removing `math shift' on input line 108.


Package hyperref Warning: Token not allowed in a PDF string (Unicode):
(hyperref)                removing `\mu' on input line 108.


Package hyperref Warning: Token not allowed in a PDF string (Unicode):
(hyperref)                removing `math shift' on input line 108.



[2]

[3] (./11314389_Xu_Task5_v1.aux)
 ***********
LaTeX2e <2025-06-01> patch level 1
L3 programming layer <2025-09-02>
 ***********
Package rerunfilecheck Info: File `11314389_Xu_Task5_v1.out' has not changed.
(rerunfilecheck)             Checksum: 33D75348895B09E8B13E5858F3C10D81;1234.
 ) 
Here is how much of TeX's memory you used:
 31907 strings out of 467747
 754367 string characters out of 5427469
 1245090 words of memory out of 5000000
 60137 multiletter control sequences out of 15000+600000
 634173 words of font info for 62 fonts, out of 8000000 for 9000
 1141 hyphenation exceptions out of 8191
 99i,11n,105p,734b,2353s stack positions out of 10000i,1000n,20000p,200000b,200000s
<f:/LaTeX/TeX_Live/2025/texmf-dist/fonts/type1/public/amsfonts/cm/cmbx10.pfb>
<f:/LaTeX/TeX_Live/2025/texmf-dist/fonts/type1/public/amsfonts/cm/cmbx12.pfb><f
:/LaTeX/TeX_Live/2025/texmf-dist/fonts/type1/public/amsfonts/cm/cmbx9.pfb><f:/L
aTeX/TeX_Live/2025/texmf-dist/fonts/type1/public/amsfonts/cm/cmmi10.pfb><f:/LaT
eX/TeX_Live/2025/texmf-dist/fonts/type1/public/amsfonts/cm/cmmi12.pfb><f:/LaTeX
/TeX_Live/2025/texmf-dist/fonts/type1/public/amsfonts/cm/cmmi9.pfb><f:/LaTeX/Te
X_Live/2025/texmf-dist/fonts/type1/public/amsfonts/cm/cmr10.pfb><f:/LaTeX/TeX_L
ive/2025/texmf-dist/fonts/type1/public/amsfonts/cm/cmr12.pfb><f:/LaTeX/TeX_Live
/2025/texmf-dist/fonts/type1/public/amsfonts/cm/cmr9.pfb><f:/LaTeX/TeX_Live/202
5/texmf-dist/fonts/type1/public/amsfonts/cm/cmsy10.pfb><f:/LaTeX/TeX_Live/2025/
texmf-dist/fonts/type1/public/amsfonts/cm/cmsy9.pfb><f:/LaTeX/TeX_Live/2025/tex
mf-dist/fonts/type1/public/amsfonts/cm/cmtt10.pfb><f:/LaTeX/TeX_Live/2025/texmf
-dist/fonts/type1/public/amsfonts/cm/cmtt9.pfb><f:/LaTeX/TeX_Live/2025/texmf-di
st/fonts/type1/public/cm-super/sfrm1000.pfb>
Output written on 11314389_Xu_Task5_v1.pdf (3 pages, 185937 bytes).
PDF statistics:
 137 PDF objects out of 1000 (max. 8388607)
 102 compressed objects within 2 object streams
 17 named destinations out of 1000 (max. 500000)
 77 words of extra memory for PDF output out of 10000 (max. 10000000)

